Traceback (most recent call last):
  File "C:\Users\user\AppData\Local\Programs\Python\Python313\Lib\tkinter\__init__.py", line 2068, in __call__
    return self.func(*args)
           ~~~~~~~~~^^^^^^^
  File "C:\Antigravity\TradingBots-Aruns Project\.venv\Lib\site-packages\customtkinter\windows\widgets\ctk_button.py", line 554, in _clicked
    self._command()
    ~~~~~~~~~~~~~^^
  File "C:\Antigravity\TradingBots-Aruns Project\dashboard_v2.py", line 674, in accept
    on_accept()
    ~~~~~~~~~^^
  File "C:\Antigravity\TradingBots-Aruns Project\dashboard_v2.py", line 697, in start_dashboard
    app = DashboardV2(root)
  File "C:\Antigravity\TradingBots-Aruns Project\dashboard_v2.py", line 101, in __init__
    self.start_background_threads()
    ^^^^^^^^^^^^^^^^^^^^^^^^^^^^^
AttributeError: 'DashboardV2' object has no attribute 'start_background_threads'

During handling of the above exception, another exception occurred:

Traceback (most recent call last):
  File "C:\Antigravity\TradingBots-Aruns Project\dashboard_v2.py", line 703, in <module>
    root.mainloop()
    ~~~~~~~~~~~~~^^
  File "C:\Antigravity\TradingBots-Aruns Project\.venv\Lib\site-packages\customtkinter\windows\ctk_tk.py", line 165, in mainloop
    super().mainloop(*args, **kwargs)
    ~~~~~~~~~~~~~~~~^^^^^^^^^^^^^^^^^
  File "C:\Users\user\AppData\Local\Programs\Python\Python313\Lib\tkinter\__init__.py", line 1599, in mainloop
    self.tk.mainloop(n)
    ~~~~~~~~~~~~~~~~^^^
  File "C:\Users\user\AppData\Local\Programs\Python\Python313\Lib\tkinter\__init__.py", line 2072, in __call__
    self.widget._report_exception()
    ~~~~~~~~~~~~~~~~~~~~~~~~~~~~~^^
  File "C:\Users\user\AppData\Local\Programs\Python\Python313\Lib\tkinter\__init__.py", line 1788, in _report_exception
    root.report_callback_exception(exc, val, tb)
    ~~~~~~~~~~~~~~~~~~~~~~~~~~~~~~^^^^^^^^^^^^^^
  File "C:\Users\user\AppData\Local\Programs\Python\Python313\Lib\tkinter\__init__.py", line 2537, in report_callback_exception
    print("Exception in Tkinter callback", file=sys.stderr)
    ~~~~~^^^^^^^^^^^^^^^^^^^^^^^^^^^^^^^^^^^^^^^^^^^^^^^^^^
  File "C:\Antigravity\TradingBots-Aruns Project\dashboard_v2.py", line 575, in write_log
    timestamp = datetime.now().strftime("%H:%M:%S")
                ^^^^^^^^
NameError: name 'datetime' is not defined. Did you forget to import 'datetime'?
